# JRE version: Java(TM) SE Runtime Environment (11.0.6+8) (build 11.0.6+8-LTS)
# Java VM: Java HotSpot(TM) 64-Bit Server VM (11.0.6+8-LTS, mixed mode, tiered, compressed oops, parallel gc, windows-amd64)
Heap:
 PSYoungGen      total 21504K, used 14963K [0x00000000eab00000, 0x00000000ec180000, 0x0000000100000000)
  eden space 19968K, 69% used [0x00000000eab00000,0x00000000eb87ce10,0x00000000ebe80000)
  from space 1536K, 75% used [0x00000000ebe80000,0x00000000ebfa0000,0x00000000ec000000)
  to   space 1536K, 0% used [0x00000000ec000000,0x00000000ec000000,0x00000000ec180000)
 ParOldGen       total 68608K, used 39029K [0x00000000c0000000, 0x00000000c4300000, 0x00000000eab00000)
  object space 68608K, 56% used [0x00000000c0000000,0x00000000c261d5a8,0x00000000c4300000)
 Metaspace       used 45264K, capacity 47069K, committed 47320K, reserved 1091584K
  class space    used 4089K, capacity 4784K, committed 4864K, reserved 1048576K
GC Heap History (10 events):
Event: 40.650 GC heap before
{Heap before GC invocations=33 (full 2):
 PSYoungGen      total 20992K, used 20976K [0x00000000eab00000, 0x00000000ec300000, 0x0000000100000000)
  eden space 19968K, 100% used [0x00000000eab00000,0x00000000ebe80000,0x00000000ebe80000)
  from space 1024K, 98% used [0x00000000ec080000,0x00000000ec17c020,0x00000000ec180000)
  to   space 2048K, 0% used [0x00000000ebe80000,0x00000000ebe80000,0x00000000ec080000)
 ParOldGen       total 68608K, used 37889K [0x00000000c0000000, 0x00000000c4300000, 0x00000000eab00000)
  object space 68608K, 55% used [0x00000000c0000000,0x00000000c25006d8,0x00000000c4300000)
 Metaspace       used 44972K, capacity 46810K, committed 47064K, reserved 1091584K
  class space    used 4085K, capacity 4783K, committed 4864K, reserved 1048576K
}
Event: 40.651 GC heap after
{Heap after GC invocations=33 (full 2):
 PSYoungGen      total 20992K, used 736K [0x00000000eab00000, 0x00000000ec180000, 0x0000000100000000)
  eden space 19968K, 0% used [0x00000000eab00000,0x00000000eab00000,0x00000000ebe80000)
  from space 1024K, 71% used [0x00000000ebe80000,0x00000000ebf38000,0x00000000ebf80000)
  to   space 1536K, 0% used [0x00000000ec000000,0x00000000ec000000,0x00000000ec180000)
 ParOldGen       total 68608K, used 38725K [0x00000000c0000000, 0x00000000c4300000, 0x00000000eab00000)
  object space 68608K, 56% used [0x00000000c0000000,0x00000000c25d15a8,0x00000000c4300000)
 Metaspace       used 44972K, capacity 46810K, committed 47064K, reserved 1091584K
  class space    used 4085K, capacity 4783K, committed 4864K, reserved 1048576K
}
Event: 44.081 GC heap before
{Heap before GC invocations=34 (full 2):
 PSYoungGen      total 20992K, used 20704K [0x00000000eab00000, 0x00000000ec180000, 0x0000000100000000)
  eden space 19968K, 100% used [0x00000000eab00000,0x00000000ebe80000,0x00000000ebe80000)
  from space 1024K, 71% used [0x00000000ebe80000,0x00000000ebf38000,0x00000000ebf80000)
  to   space 1536K, 0% used [0x00000000ec000000,0x00000000ec000000,0x00000000ec180000)
 ParOldGen       total 68608K, used 38725K [0x00000000c0000000, 0x00000000c4300000, 0x00000000eab00000)
  object space 68608K, 56% used [0x00000000c0000000,0x00000000c25d15a8,0x00000000c4300000)
 Metaspace       used 45089K, capacity 46874K, committed 47064K, reserved 1091584K
  class space    used 4085K, capacity 4783K, committed 4864K, reserved 1048576K
}
Event: 44.083 GC heap after
{Heap after GC invocations=34 (full 2):
 PSYoungGen      total 21504K, used 1392K [0x00000000eab00000, 0x00000000ec180000, 0x0000000100000000)
  eden space 19968K, 0% used [0x00000000eab00000,0x00000000eab00000,0x00000000ebe80000)
  from space 1536K, 90% used [0x00000000ec000000,0x00000000ec15c010,0x00000000ec180000)
  to   space 1536K, 0% used [0x00000000ebe80000,0x00000000ebe80000,0x00000000ec000000)
 ParOldGen       total 68608K, used 38773K [0x00000000c0000000, 0x00000000c4300000, 0x00000000eab00000)
  object space 68608K, 56% used [0x00000000c0000000,0x00000000c25dd5a8,0x00000000c4300000)
 Metaspace       used 45089K, capacity 46874K, committed 47064K, reserved 1091584K
  class space    used 4085K, capacity 4783K, committed 4864K, reserved 1048576K
}
Event: 46.096 GC heap before
{Heap before GC invocations=35 (full 2):
 PSYoungGen      total 21504K, used 21360K [0x00000000eab00000, 0x00000000ec180000, 0x0000000100000000)
  eden space 19968K, 100% used [0x00000000eab00000,0x00000000ebe80000,0x00000000ebe80000)
  from space 1536K, 90% used [0x00000000ec000000,0x00000000ec15c010,0x00000000ec180000)
  to   space 1536K, 0% used [0x00000000ebe80000,0x00000000ebe80000,0x00000000ec000000)
 ParOldGen       total 68608K, used 38773K [0x00000000c0000000, 0x00000000c4300000, 0x00000000eab00000)
  object space 68608K, 56% used [0x00000000c0000000,0x00000000c25dd5a8,0x00000000c4300000)
 Metaspace       used 45167K, capacity 46938K, committed 47064K, reserved 1091584K
  class space    used 4086K, capacity 4783K, committed 4864K, reserved 1048576K
}
Event: 46.098 GC heap after
{Heap after GC invocations=35 (full 2):
 PSYoungGen      total 21504K, used 1312K [0x00000000eab00000, 0x00000000ec180000, 0x0000000100000000)
  eden space 19968K, 0% used [0x00000000eab00000,0x00000000eab00000,0x00000000ebe80000)
  from space 1536K, 85% used [0x00000000ebe80000,0x00000000ebfc8000,0x00000000ec000000)
  to   space 1536K, 0% used [0x00000000ec000000,0x00000000ec000000,0x00000000ec180000)
 ParOldGen       total 68608K, used 38845K [0x00000000c0000000, 0x00000000c4300000, 0x00000000eab00000)
  object space 68608K, 56% used [0x00000000c0000000,0x00000000c25ef5a8,0x00000000c4300000)
 Metaspace       used 45167K, capacity 46938K, committed 47064K, reserved 1091584K
  class space    used 4086K, capacity 4783K, committed 4864K, reserved 1048576K
}
Event: 49.222 GC heap before
{Heap before GC invocations=36 (full 2):
 PSYoungGen      total 21504K, used 21280K [0x00000000eab00000, 0x00000000ec180000, 0x0000000100000000)
  eden space 19968K, 100% used [0x00000000eab00000,0x00000000ebe80000,0x00000000ebe80000)
  from space 1536K, 85% used [0x00000000ebe80000,0x00000000ebfc8000,0x00000000ec000000)
  to   space 1536K, 0% used [0x00000000ec000000,0x00000000ec000000,0x00000000ec180000)
 ParOldGen       total 68608K, used 38845K [0x00000000c0000000, 0x00000000c4300000, 0x00000000eab00000)
  object space 68608K, 56% used [0x00000000c0000000,0x00000000c25ef5a8,0x00000000c4300000)
 Metaspace       used 45231K, capacity 47005K, committed 47320K, reserved 1091584K
  class space    used 4089K, capacity 4784K, committed 4864K, reserved 1048576K
}
Event: 49.223 GC heap after
{Heap after GC invocations=36 (full 2):
 PSYoungGen      total 21504K, used 1488K [0x00000000eab00000, 0x00000000ec180000, 0x0000000100000000)
  eden space 19968K, 0% used [0x00000000eab00000,0x00000000eab00000,0x00000000ebe80000)
  from space 1536K, 96% used [0x00000000ec000000,0x00000000ec174010,0x00000000ec180000)
  to   space 1536K, 0% used [0x00000000ebe80000,0x00000000ebe80000,0x00000000ec000000)
 ParOldGen       total 68608K, used 38957K [0x00000000c0000000, 0x00000000c4300000, 0x00000000eab00000)
  object space 68608K, 56% used [0x00000000c0000000,0x00000000c260b5a8,0x00000000c4300000)
 Metaspace       used 45231K, capacity 47005K, committed 47320K, reserved 1091584K
  class space    used 4089K, capacity 4784K, committed 4864K, reserved 1048576K
}
Event: 50.704 GC heap before
{Heap before GC invocations=37 (full 2):
 PSYoungGen      total 21504K, used 21456K [0x00000000eab00000, 0x00000000ec180000, 0x0000000100000000)
  eden space 19968K, 100% used [0x00000000eab00000,0x00000000ebe80000,0x00000000ebe80000)
  from space 1536K, 96% used [0x00000000ec000000,0x00000000ec174010,0x00000000ec180000)
  to   space 1536K, 0% used [0x00000000ebe80000,0x00000000ebe80000,0x00000000ec000000)
 ParOldGen       total 68608K, used 38957K [0x00000000c0000000, 0x00000000c4300000, 0x00000000eab00000)
  object space 68608K, 56% used [0x00000000c0000000,0x00000000c260b5a8,0x00000000c4300000)
 Metaspace       used 45264K, capacity 47069K, committed 47320K, reserved 1091584K
  class space    used 4089K, capacity 4784K, committed 4864K, reserved 1048576K
}
Event: 50.704 GC heap after
{Heap after GC invocations=37 (full 2):
 PSYoungGen      total 21504K, used 1152K [0x00000000eab00000, 0x00000000ec180000, 0x0000000100000000)
  eden space 19968K, 0% used [0x00000000eab00000,0x00000000eab00000,0x00000000ebe80000)
  from space 1536K, 75% used [0x00000000ebe80000,0x00000000ebfa0000,0x00000000ec000000)
  to   space 1536K, 0% used [0x00000000ec000000,0x00000000ec000000,0x00000000ec180000)
 ParOldGen       total 68608K, used 39029K [0x00000000c0000000, 0x00000000c4300000, 0x00000000eab00000)
  object space 68608K, 56% used [0x00000000c0000000,0x00000000c261d5a8,0x00000000c4300000)
 Metaspace       used 45264K, capacity 47069K, committed 47320K, reserved 1091584K
  class space    used 4089K, capacity 4784K, committed 4864K, reserved 1048576K
}

